<?xml version="1.0" encoding="UTF-8"?>
<testsuites name="jest tests" tests="6" failures="0" errors="0" time="12.62">
  <testsuite name="undefined" errors="0" failures="0" skipped="0" timestamp="2024-03-20T13:05:20" time="7.613" tests="3">
    <testcase classname=" check about component loaded or not" name=" check about component loaded or not" time="0.042">
    </testcase>
    <testcase classname=" check menu component loaded or not" name=" check menu component loaded or not" time="0.01">
    </testcase>
    <testcase classname=" check footer component loaded or not" name=" check footer component loaded or not" time="0.014">
    </testcase>
  </testsuite>
  <testsuite name="undefined" errors="0" failures="0" skipped="0" timestamp="2024-03-20T13:05:28" time="0.981" tests="3">
    <testcase classname=" check about component loaded or not" name=" check about component loaded or not" time="0.023">
    </testcase>
    <testcase classname=" check menu component loaded or not" name=" check menu component loaded or not" time="0.007">
    </testcase>
    <testcase classname=" check footer component loaded or not" name=" check footer component loaded or not" time="0.007">
    </testcase>
  </testsuite>
</testsuites>